<?xml version='1.0'?>
<ns2:test-suite xmlns:ns2='urn:model.allure.qatools.yandex.ru' start='1638260994665' stop='1638260996653'>
    <name>Epam page: Search</name>
    <title>Epam page: Search</title>
    <test-cases>
        <test-case start='1638260994665' status='passed' stop='1638260994666'>
            <name></name>
            <title></title>
            <labels>
                <label name='language' value='javascript'/>
                <label name='framework' value='wdio'/>
                <label name='thread' value='0-0'/>
            </labels>
            <parameters>
                <parameter kind='argument' name='browser' value='chrome-96.0.4664.45'/>
            </parameters>
            <steps/>
            <attachments/>
        </test-case>
        <test-case start='1638260994666' status='passed' stop='1638260996652'>
            <name>Given I open epam.com</name>
            <title>Given I open epam.com</title>
            <labels>
                <label name='language' value='javascript'/>
                <label name='framework' value='wdio'/>
                <label name='thread' value='0-0'/>
            </labels>
            <parameters>
                <parameter kind='argument' name='browser' value='chrome-96.0.4664.45'/>
            </parameters>
            <steps>
                <step start='1638260994666' status='passed' stop='1638260994677'>
                    <name>POST /session/:sessionId/window/maximize</name>
                    <title>POST /session/:sessionId/window/maximize</title>
                    <attachments>
                        <attachment title='Response' source='d2800565-ccf5-4dee-b2b3-3199e9d3ad33-attachment.json' type='application/json' size='58'/>
                    </attachments>
                    <steps/>
                </step>
                <step start='1638260994678' status='passed' stop='1638260996651'>
                    <name>POST /session/:sessionId/url</name>
                    <title>POST /session/:sessionId/url</title>
                    <attachments>
                        <attachment title='Request' source='c67abcd6-4e52-46b4-8a36-1c3dd229d9f3-attachment.json' type='application/json' size='36'/>
                    </attachments>
                    <steps/>
                </step>
            </steps>
            <attachments/>
        </test-case>
        <test-case start='1638260996652' status='broken' stop='1638260996652'>
            <name>Given I click on the Search icon</name>
            <title>Given I click on the Search icon</title>
            <labels>
                <label name='language' value='javascript'/>
                <label name='framework' value='wdio'/>
                <label name='thread' value='0-0'/>
            </labels>
            <parameters>
                <parameter kind='argument' name='browser' value='chrome-96.0.4664.45'/>
            </parameters>
            <steps/>
            <attachments/>
            <failure>
                <message>Step "I click on the Search icon" is not defined. You can ignore this error by setting cucumberOpts.ignoreUndefinedDefinitions as true.</message>
                <stack-trace>Step "I click on the Search icon" is not defined. You can ignore this error by setting cucumberOpts.ignoreUndefinedDefinitions as true.
                	at Feature(C:\Users\Anahit_Grigoryan1\CUCUMBER_Projects\Cucumber_Epam_PageFactory\features\epam.feature):1:1
                	at Scenario(Search):25:3
                	at Step(I click on the Search icon):26:5
                </stack-trace>
            </failure>
        </test-case>
        <test-case start='1638260996652' status='broken' stop='1638260996653'>
            <name>Then Should open search field</name>
            <title>Then Should open search field</title>
            <labels>
                <label name='language' value='javascript'/>
                <label name='framework' value='wdio'/>
                <label name='thread' value='0-0'/>
            </labels>
            <parameters>
                <parameter kind='argument' name='browser' value='chrome-96.0.4664.45'/>
            </parameters>
            <steps/>
            <attachments/>
            <failure>
                <message>Step "Should open search field" is not defined. You can ignore this error by setting cucumberOpts.ignoreUndefinedDefinitions as true.</message>
                <stack-trace>Step "Should open search field" is not defined. You can ignore this error by setting cucumberOpts.ignoreUndefinedDefinitions as true.
                	at Feature(C:\Users\Anahit_Grigoryan1\CUCUMBER_Projects\Cucumber_Epam_PageFactory\features\epam.feature):1:1
                	at Scenario(Search):25:3
                	at Step(Should open search field):27:5
                </stack-trace>
            </failure>
        </test-case>
        <test-case start='1638260996653' status='broken' stop='1638260996653'>
            <name>When I set the searching word and click search icon</name>
            <title>When I set the searching word and click search icon</title>
            <labels>
                <label name='language' value='javascript'/>
                <label name='framework' value='wdio'/>
                <label name='thread' value='0-0'/>
            </labels>
            <parameters>
                <parameter kind='argument' name='browser' value='chrome-96.0.4664.45'/>
            </parameters>
            <steps/>
            <attachments/>
            <failure>
                <message>Step "I set the searching word and click search icon" is not defined. You can ignore this error by setting cucumberOpts.ignoreUndefinedDefinitions as true.</message>
                <stack-trace>Step "I set the searching word and click search icon" is not defined. You can ignore this error by setting cucumberOpts.ignoreUndefinedDefinitions as true.
                	at Feature(C:\Users\Anahit_Grigoryan1\CUCUMBER_Projects\Cucumber_Epam_PageFactory\features\epam.feature):1:1
                	at Scenario(Search):25:3
                	at Step(I set the searching word and click search icon):28:5
                </stack-trace>
            </failure>
        </test-case>
        <test-case start='1638260996653' status='broken' stop='1638260996653'>
            <name>And Should see search results</name>
            <title>And Should see search results</title>
            <labels>
                <label name='language' value='javascript'/>
                <label name='framework' value='wdio'/>
                <label name='thread' value='0-0'/>
            </labels>
            <parameters>
                <parameter kind='argument' name='browser' value='chrome-96.0.4664.45'/>
            </parameters>
            <steps/>
            <attachments/>
            <failure>
                <message>Step "Should see search results" is not defined. You can ignore this error by setting cucumberOpts.ignoreUndefinedDefinitions as true.</message>
                <stack-trace>Step "Should see search results" is not defined. You can ignore this error by setting cucumberOpts.ignoreUndefinedDefinitions as true.
                	at Feature(C:\Users\Anahit_Grigoryan1\CUCUMBER_Projects\Cucumber_Epam_PageFactory\features\epam.feature):1:1
                	at Scenario(Search):25:3
                	at Step(Should see search results):29:5
                </stack-trace>
            </failure>
        </test-case>
        <test-case start='1638260996653' status='passed' stop='1638260996653'>
            <name></name>
            <title></title>
            <labels>
                <label name='language' value='javascript'/>
                <label name='framework' value='wdio'/>
                <label name='thread' value='0-0'/>
            </labels>
            <parameters>
                <parameter kind='argument' name='browser' value='chrome-96.0.4664.45'/>
            </parameters>
            <steps/>
            <attachments/>
        </test-case>
    </test-cases>
</ns2:test-suite>