<?xml version='1.0'?>
<ns2:test-suite xmlns:ns2='urn:model.allure.qatools.yandex.ru' start='1638260996662' stop='1638260998882'>
    <name>Epam page: 'Our Work' page</name>
    <title>Epam page: 'Our Work' page</title>
    <test-cases>
        <test-case start='1638260996662' status='passed' stop='1638260996663'>
            <name></name>
            <title></title>
            <labels>
                <label name='language' value='javascript'/>
                <label name='framework' value='wdio'/>
                <label name='thread' value='0-0'/>
            </labels>
            <parameters>
                <parameter kind='argument' name='browser' value='chrome-96.0.4664.45'/>
            </parameters>
            <steps/>
            <attachments/>
        </test-case>
        <test-case start='1638260996663' status='passed' stop='1638260998880'>
            <name>Given I open epam.com</name>
            <title>Given I open epam.com</title>
            <labels>
                <label name='language' value='javascript'/>
                <label name='framework' value='wdio'/>
                <label name='thread' value='0-0'/>
            </labels>
            <parameters>
                <parameter kind='argument' name='browser' value='chrome-96.0.4664.45'/>
            </parameters>
            <steps>
                <step start='1638260996663' status='passed' stop='1638260996687'>
                    <name>POST /session/:sessionId/window/maximize</name>
                    <title>POST /session/:sessionId/window/maximize</title>
                    <attachments>
                        <attachment title='Response' source='a3510611-7a69-405f-bb4c-4b959c527d2d-attachment.json' type='application/json' size='58'/>
                    </attachments>
                    <steps/>
                </step>
                <step start='1638260996687' status='passed' stop='1638260998880'>
                    <name>POST /session/:sessionId/url</name>
                    <title>POST /session/:sessionId/url</title>
                    <attachments>
                        <attachment title='Request' source='2d70eca9-4635-4602-87b6-26a1c9bfcdd1-attachment.json' type='application/json' size='36'/>
                    </attachments>
                    <steps/>
                </step>
            </steps>
            <attachments/>
        </test-case>
        <test-case start='1638260998880' status='broken' stop='1638260998880'>
            <name>Given I go to 'Our Work' page</name>
            <title>Given I go to 'Our Work' page</title>
            <labels>
                <label name='language' value='javascript'/>
                <label name='framework' value='wdio'/>
                <label name='thread' value='0-0'/>
            </labels>
            <parameters>
                <parameter kind='argument' name='browser' value='chrome-96.0.4664.45'/>
            </parameters>
            <steps/>
            <attachments/>
            <failure>
                <message>Step "I go to 'Our Work' page" is not defined. You can ignore this error by setting cucumberOpts.ignoreUndefinedDefinitions as true.</message>
                <stack-trace>Step "I go to 'Our Work' page" is not defined. You can ignore this error by setting cucumberOpts.ignoreUndefinedDefinitions as true.
                	at Feature(C:\Users\Anahit_Grigoryan1\CUCUMBER_Projects\Cucumber_Epam_PageFactory\features\epam.feature):1:1
                	at Scenario('Our Work' page):31:3
                	at Step(I go to 'Our Work' page):32:5
                </stack-trace>
            </failure>
        </test-case>
        <test-case start='1638260998881' status='broken' stop='1638260998881'>
            <name>Then Page title should be 'Explore our Work | EPAM Customer Stories, Brochures &amp; Accelerators'</name>
            <title>Then Page title should be 'Explore our Work | EPAM Customer Stories, Brochures &amp; Accelerators'</title>
            <labels>
                <label name='language' value='javascript'/>
                <label name='framework' value='wdio'/>
                <label name='thread' value='0-0'/>
            </labels>
            <parameters>
                <parameter kind='argument' name='browser' value='chrome-96.0.4664.45'/>
            </parameters>
            <steps/>
            <attachments/>
            <failure>
                <message>Step "Page title should be 'Explore our Work | EPAM Customer Stories, Brochures &amp; Accelerators'" is not defined. You can ignore this error by setting cucumberOpts.ignoreUndefinedDefinitions as true.</message>
                <stack-trace>Step "Page title should be 'Explore our Work | EPAM Customer Stories, Brochures &amp; Accelerators'" is not defined. You can ignore this error by setting cucumberOpts.ignoreUndefinedDefinitions as true.
                	at Feature(C:\Users\Anahit_Grigoryan1\CUCUMBER_Projects\Cucumber_Epam_PageFactory\features\epam.feature):1:1
                	at Scenario('Our Work' page):31:3
                	at Step(Page title should be 'Explore our Work | EPAM Customer Stories, Brochures &amp; Accelerators'):33:5
                </stack-trace>
            </failure>
        </test-case>
        <test-case start='1638260998881' status='broken' stop='1638260998881'>
            <name>When I fill 'Filter By' fields</name>
            <title>When I fill 'Filter By' fields</title>
            <labels>
                <label name='language' value='javascript'/>
                <label name='framework' value='wdio'/>
                <label name='thread' value='0-0'/>
            </labels>
            <parameters>
                <parameter kind='argument' name='browser' value='chrome-96.0.4664.45'/>
            </parameters>
            <steps/>
            <attachments/>
            <failure>
                <message>Step "I fill 'Filter By' fields" is not defined. You can ignore this error by setting cucumberOpts.ignoreUndefinedDefinitions as true.</message>
                <stack-trace>Step "I fill 'Filter By' fields" is not defined. You can ignore this error by setting cucumberOpts.ignoreUndefinedDefinitions as true.
                	at Feature(C:\Users\Anahit_Grigoryan1\CUCUMBER_Projects\Cucumber_Epam_PageFactory\features\epam.feature):1:1
                	at Scenario('Our Work' page):31:3
                	at Step(I fill 'Filter By' fields):34:5
                </stack-trace>
            </failure>
        </test-case>
        <test-case start='1638260998881' status='broken' stop='1638260998881'>
            <name>Then Should see filters</name>
            <title>Then Should see filters</title>
            <labels>
                <label name='language' value='javascript'/>
                <label name='framework' value='wdio'/>
                <label name='thread' value='0-0'/>
            </labels>
            <parameters>
                <parameter kind='argument' name='browser' value='chrome-96.0.4664.45'/>
            </parameters>
            <steps/>
            <attachments/>
            <failure>
                <message>Step "Should see filters" is not defined. You can ignore this error by setting cucumberOpts.ignoreUndefinedDefinitions as true.</message>
                <stack-trace>Step "Should see filters" is not defined. You can ignore this error by setting cucumberOpts.ignoreUndefinedDefinitions as true.
                	at Feature(C:\Users\Anahit_Grigoryan1\CUCUMBER_Projects\Cucumber_Epam_PageFactory\features\epam.feature):1:1
                	at Scenario('Our Work' page):31:3
                	at Step(Should see filters):35:5
                </stack-trace>
            </failure>
        </test-case>
        <test-case start='1638260998881' status='passed' stop='1638260998881'>
            <name></name>
            <title></title>
            <labels>
                <label name='language' value='javascript'/>
                <label name='framework' value='wdio'/>
                <label name='thread' value='0-0'/>
            </labels>
            <parameters>
                <parameter kind='argument' name='browser' value='chrome-96.0.4664.45'/>
            </parameters>
            <steps/>
            <attachments/>
        </test-case>
    </test-cases>
</ns2:test-suite>